<?xml version="1.0" encoding="UTF-8"?>
<testng-results ignored="0" total="5" passed="4" failed="1" skipped="0">
  <reporter-output>
  </reporter-output>
  <suite started-at="2022-07-14T23:16:47 IST" name="Default suite" finished-at="2022-07-14T23:16:47 IST" duration-ms="101">
    <groups>
    </groups>
    <test started-at="2022-07-14T23:16:47 IST" name="Default test" finished-at="2022-07-14T23:16:47 IST" duration-ms="101">
      <class name="com.qa.TestNG.TestDataProvider">
        <test-method signature="DataproviderTest(java.lang.String)[pri:0, instance:com.qa.TestNG.TestDataProvider@35cabb2a]" started-at="2022-07-14T23:16:47 IST" name="DataproviderTest" data-provider="TestProvider" finished-at="2022-07-14T23:16:47 IST" duration-ms="12" status="PASS">
          <params>
            <param index="0">
              <value>
                <![CDATA[Test 1]]>
              </value>
            </param>
          </params>
          <reporter-output>
          </reporter-output>
        </test-method> <!-- DataproviderTest -->
        <test-method signature="DataproviderTest(java.lang.String)[pri:0, instance:com.qa.TestNG.TestDataProvider@35cabb2a]" started-at="2022-07-14T23:16:47 IST" name="DataproviderTest" data-provider="TestProvider" finished-at="2022-07-14T23:16:47 IST" duration-ms="2" status="PASS">
          <params>
            <param index="0">
              <value>
                <![CDATA[Test 3]]>
              </value>
            </param>
          </params>
          <reporter-output>
          </reporter-output>
        </test-method> <!-- DataproviderTest -->
        <test-method signature="DataproviderTest(java.lang.String)[pri:0, instance:com.qa.TestNG.TestDataProvider@35cabb2a]" started-at="2022-07-14T23:16:47 IST" name="DataproviderTest" data-provider="TestProvider" finished-at="2022-07-14T23:16:47 IST" duration-ms="1" status="PASS">
          <params>
            <param index="0">
              <value>
                <![CDATA[Test 5]]>
              </value>
            </param>
          </params>
          <reporter-output>
          </reporter-output>
        </test-method> <!-- DataproviderTest -->
        <test-method signature="ParameterTestII(java.lang.String)[pri:0, instance:com.qa.TestNG.TestDataProvider@35cabb2a]" started-at="2022-07-14T23:16:47 IST" name="ParameterTestII" finished-at="2022-07-14T23:16:47 IST" duration-ms="1" status="PASS">
          <params>
            <param index="0">
              <value>
                <![CDATA[Chrome]]>
              </value>
            </param>
          </params>
          <reporter-output>
          </reporter-output>
        </test-method> <!-- ParameterTestII -->
        <test-method signature="parameter(java.lang.String)[pri:0, instance:com.qa.TestNG.TestDataProvider@35cabb2a]" started-at="2022-07-14T23:16:47 IST" name="parameter" finished-at="2022-07-14T23:16:47 IST" duration-ms="0" status="FAIL">
          <exception class="org.testng.TestNGException">
            <message>
              <![CDATA[
Parameter 'data' is required by @Test on method parameter but has not been marked @Optional or defined
in C:\Users\paull\AppData\Local\Temp\testng-eclipse-1495293964\testng-customsuite.xml]]>
            </message>
            <full-stacktrace>
              <![CDATA[org.testng.TestNGException: 
Parameter 'data' is required by @Test on method parameter but has not been marked @Optional or defined
in C:\Users\paull\AppData\Local\Temp\testng-eclipse-1495293964\testng-customsuite.xml
at org.testng.internal.Parameters.createParams(Parameters.java:267)
at org.testng.internal.Parameters.createParametersForMethod(Parameters.java:355)
at org.testng.internal.Parameters.createParameters(Parameters.java:684)
at org.testng.internal.Parameters.handleParameters(Parameters.java:888)
at org.testng.internal.Parameters.handleParameters(Parameters.java:728)
at org.testng.internal.invokers.ParameterHandler.handleParameters(ParameterHandler.java:72)
at org.testng.internal.invokers.ParameterHandler.createParameters(ParameterHandler.java:51)
at org.testng.internal.invokers.TestInvoker$MethodInvocationAgent.invoke(TestInvoker.java:917)
at org.testng.internal.invokers.TestInvoker.invokeTestMethods(TestInvoker.java:194)
at org.testng.internal.invokers.TestMethodWorker.invokeTestMethods(TestMethodWorker.java:148)
at org.testng.internal.invokers.TestMethodWorker.run(TestMethodWorker.java:128)
at java.base/java.util.ArrayList.forEach(ArrayList.java:1511)
at org.testng.TestRunner.privateRun(TestRunner.java:806)
at org.testng.TestRunner.run(TestRunner.java:601)
at org.testng.SuiteRunner.runTest(SuiteRunner.java:433)
at org.testng.SuiteRunner.runSequentially(SuiteRunner.java:427)
at org.testng.SuiteRunner.privateRun(SuiteRunner.java:387)
at org.testng.SuiteRunner.run(SuiteRunner.java:330)
at org.testng.SuiteRunnerWorker.runSuite(SuiteRunnerWorker.java:52)
at org.testng.SuiteRunnerWorker.run(SuiteRunnerWorker.java:95)
at org.testng.TestNG.runSuitesSequentially(TestNG.java:1256)
at org.testng.TestNG.runSuitesLocally(TestNG.java:1176)
at org.testng.TestNG.runSuites(TestNG.java:1099)
at org.testng.TestNG.run(TestNG.java:1067)
at org.testng.remote.AbstractRemoteTestNG.run(AbstractRemoteTestNG.java:115)
at org.testng.remote.RemoteTestNG.initAndRun(RemoteTestNG.java:251)
at org.testng.remote.RemoteTestNG.main(RemoteTestNG.java:77)
]]>
            </full-stacktrace>
          </exception> <!-- org.testng.TestNGException -->
          <reporter-output>
          </reporter-output>
        </test-method> <!-- parameter -->
      </class> <!-- com.qa.TestNG.TestDataProvider -->
    </test> <!-- Default test -->
  </suite> <!-- Default suite -->
</testng-results>
