<?xml version="1.0" encoding="UTF-8"?>
<!-- Generated by org.testng.reporters.JUnitXMLReporter -->
<testsuite ignored="0" hostname="LAPTOP-M2A8A7B6" failures="0" tests="3" name="Test" time="0.065" errors="0" timestamp="2022-07-14T22:55:10 IST">
  <testcase classname="com.qa.TestNG.TestDataProvider" name="DataproviderTest" time="0.012"/>
  <testcase classname="com.qa.TestNG.TestDataProvider" name="DataproviderTest" time="0.002"/>
  <testcase classname="com.qa.TestNG.TestDataProvider" name="DataproviderTest" time="0.002"/>
</testsuite> <!-- Test -->
